<?xml version="1.0" encoding="UTF-8"?>
<!-- Generated by org.testng.reporters.JUnitReportReporter -->
<testsuite hostname="DESKTOP-77FABAN" name="Test.pack.VerifyCoverPhoto" tests="4" failures="0" timestamp="13 Jun 2022 06:44:41 GMT" time="8.263" errors="0">
  <testcase name="get_Method" time="4.862" classname="Test.pack.VerifyCoverPhoto"/>
  <testcase name="post_Method" time="1.161" classname="Test.pack.VerifyCoverPhoto"/>
  <testcase name="put_Method" time="1.095" classname="Test.pack.VerifyCoverPhoto"/>
  <testcase name="delete_Method" time="1.145" classname="Test.pack.VerifyCoverPhoto"/>
</testsuite> <!-- Test.pack.VerifyCoverPhoto -->
