<?xml version="1.0" encoding="UTF-8"?>
<!-- Generated by org.testng.reporters.JUnitReportReporter -->
<testsuite hostname="DESKTOP-77FABAN" name="Test.pack.VerifyBook" tests="4" failures="0" timestamp="13 Jun 2022 06:31:34 GMT" time="10.195" errors="0">
  <testcase name="delete_Method" time="1.134" classname="Test.pack.VerifyBook"/>
  <testcase name="get_Method" time="6.661" classname="Test.pack.VerifyBook"/>
  <testcase name="post_Method" time="1.273" classname="Test.pack.VerifyBook"/>
  <testcase name="put_Method" time="1.127" classname="Test.pack.VerifyBook"/>
</testsuite> <!-- Test.pack.VerifyBook -->
