<?xml version="1.0" encoding="UTF-8"?>
<!-- Generated by org.testng.reporters.JUnitReportReporter -->
<testsuite hostname="DESKTOP-77FABAN" name="Test.pack.VerifyUser" tests="4" failures="0" timestamp="13 Jun 2022 07:00:41 GMT" time="8.363" errors="0">
  <testcase name="delete_Method" time="1.212" classname="Test.pack.VerifyUser"/>
  <testcase name="get_Method" time="4.874" classname="Test.pack.VerifyUser"/>
  <testcase name="post_Method" time="1.184" classname="Test.pack.VerifyUser"/>
  <testcase name="put_Method" time="1.093" classname="Test.pack.VerifyUser"/>
</testsuite> <!-- Test.pack.VerifyUser -->
